# JRE version: Java(TM) SE Runtime Environment (17.0.11+7) (build 17.0.11+7-LTS-207)
# Java VM: Java HotSpot(TM) 64-Bit Server VM (17.0.11+7-LTS-207, mixed mode, sharing, tiered, compressed oops, compressed class ptrs, g1 gc, windows-amd64)
GC Precious Log:
 CPUs: 8 total, 8 available
 Memory: 7946M
 Large Page Support: Disabled
 NUMA Support: Disabled
 Compressed Oops: Enabled (Zero based)
 Heap Region Size: 2M
 Heap Min Capacity: 8M
 Heap Initial Capacity: 126M
 Heap Max Capacity: 4G
 Pre-touch: Disabled
 Parallel Workers: 8
 Concurrent Workers: 2
 Concurrent Refinement Workers: 8
 Periodic GC: Disabled
Heap:
 garbage-first heap   total 563200K, used 374692K [0x0000000700000000, 0x0000000800000000)
  region size 2048K, 8 young (16384K), 8 survivors (16384K)
 Metaspace       used 169546K, committed 171200K, reserved 1048576K
  class space    used 22226K, committed 22976K, reserved 851968K
GC Heap History (20 events):
Event: 660.994 GC heap after
{Heap after GC invocations=90 (full 0):
 garbage-first heap   total 407552K, used 297734K [0x0000000700000000, 0x0000000800000000)
  region size 2048K, 2 young (4096K), 2 survivors (4096K)
 Metaspace       used 148648K, committed 150336K, reserved 983040K
  class space    used 19437K, committed 20224K, reserved 851968K
}
Event: 666.000 GC heap before
{Heap before GC invocations=90 (full 0):
 garbage-first heap   total 407552K, used 346886K [0x0000000700000000, 0x0000000800000000)
  region size 2048K, 27 young (55296K), 2 survivors (4096K)
 Metaspace       used 154421K, committed 156096K, reserved 1048576K
  class space    used 20080K, committed 20864K, reserved 851968K
}
Event: 666.016 GC heap after
{Heap after GC invocations=91 (full 0):
 garbage-first heap   total 407552K, used 298471K [0x0000000700000000, 0x0000000800000000)
  region size 2048K, 2 young (4096K), 2 survivors (4096K)
 Metaspace       used 154421K, committed 156096K, reserved 1048576K
  class space    used 20080K, committed 20864K, reserved 851968K
}
Event: 671.524 GC heap before
{Heap before GC invocations=91 (full 0):
 garbage-first heap   total 407552K, used 353767K [0x0000000700000000, 0x0000000800000000)
  region size 2048K, 28 young (57344K), 2 survivors (4096K)
 Metaspace       used 159008K, committed 160704K, reserved 1048576K
  class space    used 20607K, committed 21376K, reserved 851968K
}
Event: 671.584 GC heap after
{Heap after GC invocations=92 (full 0):
 garbage-first heap   total 407552K, used 309269K [0x0000000700000000, 0x0000000800000000)
  region size 2048K, 4 young (8192K), 4 survivors (8192K)
 Metaspace       used 159008K, committed 160704K, reserved 1048576K
  class space    used 20607K, committed 21376K, reserved 851968K
}
Event: 677.485 GC heap before
{Heap before GC invocations=92 (full 0):
 garbage-first heap   total 407552K, used 358421K [0x0000000700000000, 0x0000000800000000)
  region size 2048K, 23 young (47104K), 4 survivors (8192K)
 Metaspace       used 159876K, committed 161472K, reserved 1048576K
  class space    used 20690K, committed 21440K, reserved 851968K
}
Event: 677.694 GC heap after
{Heap after GC invocations=93 (full 0):
 garbage-first heap   total 407552K, used 321120K [0x0000000700000000, 0x0000000800000000)
  region size 2048K, 3 young (6144K), 3 survivors (6144K)
 Metaspace       used 159876K, committed 161472K, reserved 1048576K
  class space    used 20690K, committed 21440K, reserved 851968K
}
Event: 679.161 GC heap before
{Heap before GC invocations=93 (full 0):
 garbage-first heap   total 407552K, used 339552K [0x0000000700000000, 0x0000000800000000)
  region size 2048K, 6 young (12288K), 3 survivors (6144K)
 Metaspace       used 160736K, committed 162368K, reserved 1048576K
  class space    used 20809K, committed 21568K, reserved 851968K
}
Event: 679.182 GC heap after
{Heap after GC invocations=94 (full 0):
 garbage-first heap   total 407552K, used 329040K [0x0000000700000000, 0x0000000800000000)
  region size 2048K, 1 young (2048K), 1 survivors (2048K)
 Metaspace       used 160736K, committed 162368K, reserved 1048576K
  class space    used 20809K, committed 21568K, reserved 851968K
}
Event: 679.574 GC heap before
{Heap before GC invocations=94 (full 0):
 garbage-first heap   total 407552K, used 337232K [0x0000000700000000, 0x0000000800000000)
  region size 2048K, 2 young (4096K), 1 survivors (2048K)
 Metaspace       used 160856K, committed 162496K, reserved 1048576K
  class space    used 20824K, committed 21568K, reserved 851968K
}
Event: 679.579 GC heap after
{Heap after GC invocations=95 (full 0):
 garbage-first heap   total 407552K, used 336837K [0x0000000700000000, 0x0000000800000000)
  region size 2048K, 1 young (2048K), 1 survivors (2048K)
 Metaspace       used 160856K, committed 162496K, reserved 1048576K
  class space    used 20824K, committed 21568K, reserved 851968K
}
Event: 684.820 GC heap before
{Heap before GC invocations=96 (full 0):
 garbage-first heap   total 563200K, used 355269K [0x0000000700000000, 0x0000000800000000)
  region size 2048K, 9 young (18432K), 1 survivors (2048K)
 Metaspace       used 160879K, committed 162752K, reserved 1048576K
  class space    used 20836K, committed 21632K, reserved 851968K
}
Event: 684.844 GC heap after
{Heap after GC invocations=97 (full 0):
 garbage-first heap   total 563200K, used 332717K [0x0000000700000000, 0x0000000800000000)
  region size 2048K, 2 young (4096K), 2 survivors (4096K)
 Metaspace       used 160879K, committed 162752K, reserved 1048576K
  class space    used 20836K, committed 21632K, reserved 851968K
}
Event: 685.591 GC heap before
{Heap before GC invocations=97 (full 0):
 garbage-first heap   total 563200K, used 355245K [0x0000000700000000, 0x0000000800000000)
  region size 2048K, 13 young (26624K), 2 survivors (4096K)
 Metaspace       used 160930K, committed 162752K, reserved 1048576K
  class space    used 20843K, committed 21632K, reserved 851968K
}
Event: 685.670 GC heap after
{Heap after GC invocations=98 (full 0):
 garbage-first heap   total 563200K, used 306085K [0x0000000700000000, 0x0000000800000000)
  region size 2048K, 2 young (4096K), 2 survivors (4096K)
 Metaspace       used 160930K, committed 162752K, reserved 1048576K
  class space    used 20843K, committed 21632K, reserved 851968K
}
Event: 688.930 GC heap before
{Heap before GC invocations=98 (full 0):
 garbage-first heap   total 563200K, used 482213K [0x0000000700000000, 0x0000000800000000)
  region size 2048K, 66 young (135168K), 2 survivors (4096K)
 Metaspace       used 161312K, committed 162880K, reserved 1048576K
  class space    used 20885K, committed 21632K, reserved 851968K
}
Event: 688.986 GC heap after
{Heap after GC invocations=99 (full 0):
 garbage-first heap   total 563200K, used 339670K [0x0000000700000000, 0x0000000800000000)
  region size 2048K, 9 young (18432K), 9 survivors (18432K)
 Metaspace       used 161312K, committed 162880K, reserved 1048576K
  class space    used 20885K, committed 21632K, reserved 851968K
}
Event: 692.184 GC heap before
{Heap before GC invocations=99 (full 0):
 garbage-first heap   total 563200K, used 452310K [0x0000000700000000, 0x0000000800000000)
  region size 2048K, 64 young (131072K), 9 survivors (18432K)
 Metaspace       used 162696K, committed 164288K, reserved 1048576K
  class space    used 21035K, committed 21760K, reserved 851968K
}
Event: 692.340 GC heap after
{Heap after GC invocations=100 (full 0):
 garbage-first heap   total 563200K, used 356747K [0x0000000700000000, 0x0000000800000000)
  region size 2048K, 8 young (16384K), 8 survivors (16384K)
 Metaspace       used 162696K, committed 164288K, reserved 1048576K
  class space    used 21035K, committed 21760K, reserved 851968K
}
Event: 704.516 GC heap before
{Heap before GC invocations=100 (full 0):
 garbage-first heap   total 563200K, used 457099K [0x0000000700000000, 0x0000000800000000)
  region size 2048K, 58 young (118784K), 8 survivors (16384K)
 Metaspace       used 169546K, committed 171200K, reserved 1048576K
  class space    used 22226K, committed 22976K, reserved 851968K
}

