# JRE version: Java(TM) SE Runtime Environment (17.0.11+7) (build 17.0.11+7-LTS-207)
# Java VM: Java HotSpot(TM) 64-Bit Server VM (17.0.11+7-LTS-207, mixed mode, sharing, tiered, compressed oops, compressed class ptrs, g1 gc, windows-amd64)
GC Precious Log:
 CPUs: 8 total, 8 available
 Memory: 7946M
 Large Page Support: Disabled
 NUMA Support: Disabled
 Compressed Oops: Enabled (Zero based)
 Heap Region Size: 4M
 Heap Min Capacity: 8M
 Heap Initial Capacity: 128M
 Heap Max Capacity: 8G
 Pre-touch: Disabled
 Parallel Workers: 8
 Concurrent Workers: 2
 Concurrent Refinement Workers: 8
 Periodic GC: Disabled
Heap:
 garbage-first heap   total 933888K, used 529106K [0x0000000600000000, 0x0000000800000000)
  region size 4096K, 2 young (8192K), 2 survivors (8192K)
 Metaspace       used 256410K, committed 258688K, reserved 1310720K
  class space    used 32526K, committed 33600K, reserved 1048576K
GC Heap History (20 events):
Event: 5811.450 GC heap after
{Heap after GC invocations=127 (full 1):
 garbage-first heap   total 933888K, used 426726K [0x0000000600000000, 0x0000000800000000)
  region size 4096K, 5 young (20480K), 5 survivors (20480K)
 Metaspace       used 250567K, committed 252864K, reserved 1310720K
  class space    used 31706K, committed 32704K, reserved 1048576K
}
Event: 5847.184 GC heap before
{Heap before GC invocations=127 (full 1):
 garbage-first heap   total 933888K, used 725734K [0x0000000600000000, 0x0000000800000000)
  region size 4096K, 79 young (323584K), 5 survivors (20480K)
 Metaspace       used 252132K, committed 254528K, reserved 1310720K
  class space    used 31867K, committed 32960K, reserved 1048576K
}
Event: 5847.552 GC heap after
{Heap after GC invocations=128 (full 1):
 garbage-first heap   total 933888K, used 452914K [0x0000000600000000, 0x0000000800000000)
  region size 4096K, 10 young (40960K), 10 survivors (40960K)
 Metaspace       used 252132K, committed 254528K, reserved 1310720K
  class space    used 31867K, committed 32960K, reserved 1048576K
}
Event: 5848.243 GC heap before
{Heap before GC invocations=128 (full 1):
 garbage-first heap   total 933888K, used 461106K [0x0000000600000000, 0x0000000800000000)
  region size 4096K, 12 young (49152K), 10 survivors (40960K)
 Metaspace       used 252146K, committed 254528K, reserved 1310720K
  class space    used 31869K, committed 32960K, reserved 1048576K
}
Event: 5848.355 GC heap after
{Heap after GC invocations=129 (full 1):
 garbage-first heap   total 933888K, used 458843K [0x0000000600000000, 0x0000000800000000)
  region size 4096K, 2 young (8192K), 2 survivors (8192K)
 Metaspace       used 252146K, committed 254528K, reserved 1310720K
  class space    used 31869K, committed 32960K, reserved 1048576K
}
Event: 5859.036 GC heap before
{Heap before GC invocations=129 (full 1):
 garbage-first heap   total 933888K, used 733275K [0x0000000600000000, 0x0000000800000000)
  region size 4096K, 70 young (286720K), 2 survivors (8192K)
 Metaspace       used 252775K, committed 255104K, reserved 1310720K
  class space    used 31943K, committed 33024K, reserved 1048576K
}
Event: 5859.078 GC heap after
{Heap after GC invocations=130 (full 1):
 garbage-first heap   total 933888K, used 484916K [0x0000000600000000, 0x0000000800000000)
  region size 4096K, 8 young (32768K), 8 survivors (32768K)
 Metaspace       used 252775K, committed 255104K, reserved 1310720K
  class space    used 31943K, committed 33024K, reserved 1048576K
}
Event: 5865.070 GC heap before
{Heap before GC invocations=130 (full 1):
 garbage-first heap   total 933888K, used 693812K [0x0000000600000000, 0x0000000800000000)
  region size 4096K, 61 young (249856K), 8 survivors (32768K)
 Metaspace       used 253220K, committed 255488K, reserved 1310720K
  class space    used 31958K, committed 33024K, reserved 1048576K
}
Event: 5865.171 GC heap after
{Heap after GC invocations=131 (full 1):
 garbage-first heap   total 933888K, used 490976K [0x0000000600000000, 0x0000000800000000)
  region size 4096K, 4 young (16384K), 4 survivors (16384K)
 Metaspace       used 253220K, committed 255488K, reserved 1310720K
  class space    used 31958K, committed 33024K, reserved 1048576K
}
Event: 5912.351 GC heap before
{Heap before GC invocations=132 (full 1):
 garbage-first heap   total 933888K, used 720352K [0x0000000600000000, 0x0000000800000000)
  region size 4096K, 67 young (274432K), 4 survivors (16384K)
 Metaspace       used 253924K, committed 256256K, reserved 1310720K
  class space    used 32182K, committed 33280K, reserved 1048576K
}
Event: 5912.478 GC heap after
{Heap after GC invocations=133 (full 1):
 garbage-first heap   total 933888K, used 492552K [0x0000000600000000, 0x0000000800000000)
  region size 4096K, 9 young (36864K), 9 survivors (36864K)
 Metaspace       used 253924K, committed 256256K, reserved 1310720K
  class space    used 32182K, committed 33280K, reserved 1048576K
}
Event: 5912.770 GC heap before
{Heap before GC invocations=133 (full 1):
 garbage-first heap   total 933888K, used 500744K [0x0000000600000000, 0x0000000800000000)
  region size 4096K, 11 young (45056K), 9 survivors (36864K)
 Metaspace       used 253924K, committed 256256K, reserved 1310720K
  class space    used 32182K, committed 33280K, reserved 1048576K
}
Event: 5913.045 GC heap after
{Heap after GC invocations=134 (full 1):
 garbage-first heap   total 933888K, used 437712K [0x0000000600000000, 0x0000000800000000)
  region size 4096K, 2 young (8192K), 2 survivors (8192K)
 Metaspace       used 253924K, committed 256256K, reserved 1310720K
  class space    used 32182K, committed 33280K, reserved 1048576K
}
Event: 5916.139 GC heap before
{Heap before GC invocations=134 (full 1):
 garbage-first heap   total 933888K, used 474576K [0x0000000600000000, 0x0000000800000000)
  region size 4096K, 11 young (45056K), 2 survivors (8192K)
 Metaspace       used 254326K, committed 256640K, reserved 1310720K
  class space    used 32252K, committed 33344K, reserved 1048576K
}
Event: 5916.174 GC heap after
{Heap after GC invocations=135 (full 1):
 garbage-first heap   total 933888K, used 444569K [0x0000000600000000, 0x0000000800000000)
  region size 4096K, 2 young (8192K), 2 survivors (8192K)
 Metaspace       used 254326K, committed 256640K, reserved 1310720K
  class space    used 32252K, committed 33344K, reserved 1048576K
}
Event: 5922.650 GC heap before
{Heap before GC invocations=135 (full 1):
 garbage-first heap   total 933888K, used 735385K [0x0000000600000000, 0x0000000800000000)
  region size 4096K, 74 young (303104K), 2 survivors (8192K)
 Metaspace       used 256410K, committed 258688K, reserved 1310720K
  class space    used 32526K, committed 33600K, reserved 1048576K
}
Event: 5922.933 GC heap after
{Heap after GC invocations=136 (full 1):
 garbage-first heap   total 933888K, used 511418K [0x0000000600000000, 0x0000000800000000)
  region size 4096K, 10 young (40960K), 10 survivors (40960K)
 Metaspace       used 256410K, committed 258688K, reserved 1310720K
  class space    used 32526K, committed 33600K, reserved 1048576K
}
Event: 5923.361 GC heap before
{Heap before GC invocations=136 (full 1):
 garbage-first heap   total 933888K, used 519610K [0x0000000600000000, 0x0000000800000000)
  region size 4096K, 12 young (49152K), 10 survivors (40960K)
 Metaspace       used 256410K, committed 258688K, reserved 1310720K
  class space    used 32526K, committed 33600K, reserved 1048576K
}
Event: 5923.515 GC heap after
{Heap after GC invocations=137 (full 1):
 garbage-first heap   total 933888K, used 519429K [0x0000000600000000, 0x0000000800000000)
  region size 4096K, 2 young (8192K), 2 survivors (8192K)
 Metaspace       used 256410K, committed 258688K, reserved 1310720K
  class space    used 32526K, committed 33600K, reserved 1048576K
}
Event: 5924.764 GC heap before
{Heap before GC invocations=137 (full 1):
 garbage-first heap   total 933888K, used 556293K [0x0000000600000000, 0x0000000800000000)
  region size 4096K, 11 young (45056K), 2 survivors (8192K)
 Metaspace       used 256410K, committed 258688K, reserved 1310720K
  class space    used 32526K, committed 33600K, reserved 1048576K
}

